<config>	
	<awesome>
		<service>
			<login>steven</login>
		</service>
	</awesome>
</config>